0 info it worked if it ends with ok
1 verbose cli [ 'D:\\Program Files\\nodejs\\node.exe',
1 verbose cli   'D:\\Program Files\\nodejs\\node_modules\\npm\\bin\\npm-cli.js',
1 verbose cli   'run',
1 verbose cli   'watch' ]
2 info using npm@3.10.10
3 info using node@v6.11.0
4 verbose run-script [ 'prewatch', 'watch', 'postwatch' ]
5 info lifecycle mice-customize-static@0.1.0~prewatch: mice-customize-static@0.1.0
6 silly lifecycle mice-customize-static@0.1.0~prewatch: no script for prewatch, continuing
7 info lifecycle mice-customize-static@0.1.0~watch: mice-customize-static@0.1.0
8 verbose lifecycle mice-customize-static@0.1.0~watch: unsafe-perm in lifecycle true
9 verbose lifecycle mice-customize-static@0.1.0~watch: PATH: D:\Program Files\nodejs\node_modules\npm\bin\node-gyp-bin;D:\workspace\DicomCloud\src\main\resources\static\node_modules\.bin;C:\Program Files\NVIDIA GPU Computing Toolkit\CUDA\v8.0\bin;C:\Program Files\NVIDIA GPU Computing Toolkit\CUDA\v8.0\libnvvp;C:\Program Files\Java\jdk1.8.0_101\bin;C:\Program Files\Java\jdk1.8.0_101\jre\bin;C:\Program Files (x86)\Razer Chroma SDK\bin;C:\Program Files\Razer Chroma SDK\bin;C:\ProgramData\Oracle\Java\javapath;C:\Windows\system32;C:\Windows;C:\Windows\System32\Wbem;C:\Windows\System32\WindowsPowerShell\v1.0\;C:\Program Files (x86)\NVIDIA Corporation\PhysX\Common;C:\Program Files (x86)\MySQL\MySQL Fabric 1.5 & MySQL Utilities 1.5\;C:\Program Files (x86)\MySQL\MySQL Fabric 1.5 & MySQL Utilities 1.5\Doctrine extensions for PHP\;C:\Program Files\MySQL\MySQL Server 5.7\bin\;C:\Users\BIG-JIAN\AppData\Local\Microsoft\WindowsApps;D:\DCM4CHEE\ThirdLibrary\apache-ant-1.9.7\bin;D:\DCM4CHEE\ThirdLibrary\apache-maven-3.3.9\bin;D:\DCM4CHEE\ThirdLibrary\fop-0.95\bin;D:\DCM4CHEE\ThirdLibrary\cactus-1.8.1-bin\bin;C:\Program Files\TortoiseSVN\bin;D:\wildfly-10.0.0.Final\bin;C:\hadoop-2.7.1\bin;C:\hadoop-2.7.1\sbin;D:\Program Files\apache-tomcat-8.5.9\bin;D:\Program Files\apache-tomcat-8.5.9\lib;D:\Program Files\Python\Python27;D:\Program Files\nodejs\;C:\Program Files\Git\cmd;D:\Program Files\Python\Python361\Scripts\;D:\Program Files\Python\Python361\;C:\Users\BIG-JIAN\AppData\Local\Microsoft\WindowsApps;;C:\Program Files (x86)\Microsoft VS Code\bin;C:\Users\BIG-JIAN\AppData\Roaming\npm
10 verbose lifecycle mice-customize-static@0.1.0~watch: CWD: D:\workspace\DicomCloud\src\main\resources\static
11 silly lifecycle mice-customize-static@0.1.0~watch: Args: [ '/d /s /c', 'webpack --config webpack.config.js --watch' ]
12 silly lifecycle mice-customize-static@0.1.0~watch: Returned: code: 3221225786  signal: null
13 info lifecycle mice-customize-static@0.1.0~watch: Failed to exec watch script
14 verbose stack Error: mice-customize-static@0.1.0 watch: `webpack --config webpack.config.js --watch`
14 verbose stack Exit status 3221225786
14 verbose stack     at EventEmitter.<anonymous> (D:\Program Files\nodejs\node_modules\npm\lib\utils\lifecycle.js:255:16)
14 verbose stack     at emitTwo (events.js:106:13)
14 verbose stack     at EventEmitter.emit (events.js:191:7)
14 verbose stack     at ChildProcess.<anonymous> (D:\Program Files\nodejs\node_modules\npm\lib\utils\spawn.js:40:14)
14 verbose stack     at emitTwo (events.js:106:13)
14 verbose stack     at ChildProcess.emit (events.js:191:7)
14 verbose stack     at maybeClose (internal/child_process.js:891:16)
14 verbose stack     at Process.ChildProcess._handle.onexit (internal/child_process.js:226:5)
15 verbose pkgid mice-customize-static@0.1.0
16 verbose cwd D:\workspace\DicomCloud\src\main\resources\static
17 error Windows_NT 10.0.14393
18 error argv "D:\\Program Files\\nodejs\\node.exe" "D:\\Program Files\\nodejs\\node_modules\\npm\\bin\\npm-cli.js" "run" "watch"
19 error node v6.11.0
20 error npm  v3.10.10
21 error code ELIFECYCLE
22 error mice-customize-static@0.1.0 watch: `webpack --config webpack.config.js --watch`
22 error Exit status 3221225786
23 error Failed at the mice-customize-static@0.1.0 watch script 'webpack --config webpack.config.js --watch'.
23 error Make sure you have the latest version of node.js and npm installed.
23 error If you do, this is most likely a problem with the mice-customize-static package,
23 error not with npm itself.
23 error Tell the author that this fails on your system:
23 error     webpack --config webpack.config.js --watch
23 error You can get information on how to open an issue for this project with:
23 error     npm bugs mice-customize-static
23 error Or if that isn't available, you can get their info via:
23 error     npm owner ls mice-customize-static
23 error There is likely additional logging output above.
24 verbose exit [ 1, true ]
